# JRE version: OpenJDK Runtime Environment (17.0.11) (build 17.0.11+0--11852314)
# Java VM: OpenJDK 64-Bit Server VM (17.0.11+0--11852314, mixed mode, tiered, compressed oops, compressed class ptrs, g1 gc, windows-amd64)
GC Precious Log:
 CPUs: 8 total, 8 available
 Memory: 7886M
 Large Page Support: Disabled
 NUMA Support: Disabled
 Compressed Oops: Enabled (32-bit)
 Heap Region Size: 1M
 Heap Min Capacity: 8M
 Heap Initial Capacity: 124M
 Heap Max Capacity: 2G
 Pre-touch: Disabled
 Parallel Workers: 8
 Concurrent Workers: 2
 Concurrent Refinement Workers: 8
 Periodic GC: Disabled
Heap:
 garbage-first heap   total 446464K, used 296785K [0x0000000080000000, 0x0000000100000000)
  region size 1024K, 12 young (12288K), 12 survivors (12288K)
 Metaspace       used 114993K, committed 115776K, reserved 1179648K
  class space    used 15875K, committed 16256K, reserved 1048576K
GC Heap History (20 events):
Event: 16.637 GC heap after
{Heap after GC invocations=42 (full 0):
 garbage-first heap   total 284672K, used 118971K [0x0000000080000000, 0x0000000100000000)
  region size 1024K, 11 young (11264K), 11 survivors (11264K)
 Metaspace       used 106799K, committed 107648K, reserved 1179648K
  class space    used 14618K, committed 15040K, reserved 1048576K
}
Event: 17.164 GC heap before
{Heap before GC invocations=42 (full 0):
 garbage-first heap   total 284672K, used 232635K [0x0000000080000000, 0x0000000100000000)
  region size 1024K, 123 young (125952K), 11 survivors (11264K)
 Metaspace       used 107611K, committed 108416K, reserved 1179648K
  class space    used 14755K, committed 15168K, reserved 1048576K
}
Event: 17.176 GC heap after
{Heap after GC invocations=43 (full 0):
 garbage-first heap   total 284672K, used 135147K [0x0000000080000000, 0x0000000100000000)
  region size 1024K, 16 young (16384K), 16 survivors (16384K)
 Metaspace       used 107611K, committed 108416K, reserved 1179648K
  class space    used 14755K, committed 15168K, reserved 1048576K
}
Event: 17.357 GC heap before
{Heap before GC invocations=43 (full 0):
 garbage-first heap   total 284672K, used 227307K [0x0000000080000000, 0x0000000100000000)
  region size 1024K, 105 young (107520K), 16 survivors (16384K)
 Metaspace       used 107867K, committed 108608K, reserved 1179648K
  class space    used 14787K, committed 15168K, reserved 1048576K
}
Event: 17.367 GC heap after
{Heap after GC invocations=44 (full 0):
 garbage-first heap   total 284672K, used 161683K [0x0000000080000000, 0x0000000100000000)
  region size 1024K, 14 young (14336K), 14 survivors (14336K)
 Metaspace       used 107867K, committed 108608K, reserved 1179648K
  class space    used 14787K, committed 15168K, reserved 1048576K
}
Event: 17.430 GC heap before
{Heap before GC invocations=44 (full 0):
 garbage-first heap   total 284672K, used 220051K [0x0000000080000000, 0x0000000100000000)
  region size 1024K, 72 young (73728K), 14 survivors (14336K)
 Metaspace       used 108084K, committed 108928K, reserved 1179648K
  class space    used 14810K, committed 15232K, reserved 1048576K
}
Event: 17.436 GC heap after
{Heap after GC invocations=45 (full 0):
 garbage-first heap   total 284672K, used 173056K [0x0000000080000000, 0x0000000100000000)
  region size 1024K, 9 young (9216K), 9 survivors (9216K)
 Metaspace       used 108084K, committed 108928K, reserved 1179648K
  class space    used 14810K, committed 15232K, reserved 1048576K
}
Event: 17.686 GC heap before
{Heap before GC invocations=45 (full 0):
 garbage-first heap   total 352256K, used 221184K [0x0000000080000000, 0x0000000100000000)
  region size 1024K, 57 young (58368K), 9 survivors (9216K)
 Metaspace       used 108641K, committed 109440K, reserved 1179648K
  class space    used 14906K, committed 15296K, reserved 1048576K
}
Event: 17.697 GC heap after
{Heap after GC invocations=46 (full 0):
 garbage-first heap   total 446464K, used 188416K [0x0000000080000000, 0x0000000100000000)
  region size 1024K, 8 young (8192K), 8 survivors (8192K)
 Metaspace       used 108641K, committed 109440K, reserved 1179648K
  class space    used 14906K, committed 15296K, reserved 1048576K
}
Event: 18.530 GC heap before
{Heap before GC invocations=47 (full 0):
 garbage-first heap   total 446464K, used 325632K [0x0000000080000000, 0x0000000100000000)
  region size 1024K, 143 young (146432K), 8 survivors (8192K)
 Metaspace       used 111920K, committed 112768K, reserved 1179648K
  class space    used 15387K, committed 15808K, reserved 1048576K
}
Event: 18.557 GC heap after
{Heap after GC invocations=48 (full 0):
 garbage-first heap   total 446464K, used 214372K [0x0000000080000000, 0x0000000100000000)
  region size 1024K, 18 young (18432K), 18 survivors (18432K)
 Metaspace       used 111920K, committed 112768K, reserved 1179648K
  class space    used 15387K, committed 15808K, reserved 1048576K
}
Event: 18.583 GC heap before
{Heap before GC invocations=48 (full 0):
 garbage-first heap   total 446464K, used 217444K [0x0000000080000000, 0x0000000100000000)
  region size 1024K, 21 young (21504K), 18 survivors (18432K)
 Metaspace       used 111920K, committed 112768K, reserved 1179648K
  class space    used 15387K, committed 15808K, reserved 1048576K
}
Event: 18.602 GC heap after
{Heap after GC invocations=49 (full 0):
 garbage-first heap   total 446464K, used 214398K [0x0000000080000000, 0x0000000100000000)
  region size 1024K, 3 young (3072K), 3 survivors (3072K)
 Metaspace       used 111920K, committed 112768K, reserved 1179648K
  class space    used 15387K, committed 15808K, reserved 1048576K
}
Event: 18.904 GC heap before
{Heap before GC invocations=49 (full 0):
 garbage-first heap   total 446464K, used 333182K [0x0000000080000000, 0x0000000100000000)
  region size 1024K, 120 young (122880K), 3 survivors (3072K)
 Metaspace       used 112558K, committed 113344K, reserved 1179648K
  class space    used 15486K, committed 15872K, reserved 1048576K
}
Event: 18.931 GC heap after
{Heap after GC invocations=50 (full 0):
 garbage-first heap   total 446464K, used 241062K [0x0000000080000000, 0x0000000100000000)
  region size 1024K, 15 young (15360K), 15 survivors (15360K)
 Metaspace       used 112558K, committed 113344K, reserved 1179648K
  class space    used 15486K, committed 15872K, reserved 1048576K
}
Event: 19.210 GC heap before
{Heap before GC invocations=50 (full 0):
 garbage-first heap   total 446464K, used 342438K [0x0000000080000000, 0x0000000100000000)
  region size 1024K, 113 young (115712K), 15 survivors (15360K)
 Metaspace       used 114287K, committed 115072K, reserved 1179648K
  class space    used 15791K, committed 16192K, reserved 1048576K
}
Event: 19.251 GC heap after
{Heap after GC invocations=51 (full 0):
 garbage-first heap   total 446464K, used 263839K [0x0000000080000000, 0x0000000100000000)
  region size 1024K, 15 young (15360K), 15 survivors (15360K)
 Metaspace       used 114287K, committed 115072K, reserved 1179648K
  class space    used 15791K, committed 16192K, reserved 1048576K
}
Event: 19.452 GC heap before
{Heap before GC invocations=51 (full 0):
 garbage-first heap   total 446464K, used 348831K [0x0000000080000000, 0x0000000100000000)
  region size 1024K, 99 young (101376K), 15 survivors (15360K)
 Metaspace       used 114716K, committed 115520K, reserved 1179648K
  class space    used 15832K, committed 16256K, reserved 1048576K
}
Event: 19.481 GC heap after
{Heap after GC invocations=52 (full 0):
 garbage-first heap   total 446464K, used 280467K [0x0000000080000000, 0x0000000100000000)
  region size 1024K, 13 young (13312K), 13 survivors (13312K)
 Metaspace       used 114716K, committed 115520K, reserved 1179648K
  class space    used 15832K, committed 16256K, reserved 1048576K
}
Event: 19.612 GC heap before
{Heap before GC invocations=52 (full 0):
 garbage-first heap   total 446464K, used 357267K [0x0000000080000000, 0x0000000100000000)
  region size 1024K, 89 young (91136K), 13 survivors (13312K)
 Metaspace       used 114993K, committed 115776K, reserved 1179648K
  class space    used 15875K, committed 16256K, reserved 1048576K
}

